2023-03-31 05:34:11 - ParseError:  Unclosed '{' on line 120 does not match ')'
File: /opencartapp/admin/controller/common/security.php
Line: 121

2023-03-31 05:34:19 - ParseError:  Unclosed '{' on line 120 does not match ')'
File: /opencartapp/admin/controller/common/security.php
Line: 121

2023-03-31 01:40:20 - Exception:  Error: SMTP hostname required! in /opencartapp/system/library/mail/smtp.php on line 37
2023-03-31 01:41:27 - Exception:  Error: SQLSTATE[HY000]: General error: 2006 MySQL server has gone away <br/>Error Code : HY000 <br/>INSERT INTO `oc_setting` SET `store_id` = '0', `code` = :0, `key` = :1, `value` = :2
File: /opencartapp/system/library/db/pdo.php
Line: 72

2023-03-31 02:12:45 - Exception:  Error: SQLSTATE[HY000]: General error: 2006 MySQL server has gone away <br/>Error Code : HY000 <br/>INSERT INTO `oc_setting` SET `store_id` = '0', `code` = :0, `key` = :1, `value` = :2
File: /opencartapp/system/library/db/pdo.php
Line: 72

2023-04-03 13:32:07 - PHP Unknown: strtolower(): Passing null to parameter #1 ($string) of type string is deprecated
File: /opencartapp/extension/opencart/admin/controller/dashboard/map.php
Line: 84

2023-04-03 13:46:52 - ParseError:  syntax error, unexpected token "echo" in /opencartapp/extension/opencart/catalog/model/shipping/flat.php on line 7
2023-04-03 13:53:35 - PHP Warning:  Array to string conversion in /opencartapp/system/library/cart/tax.php on line 99
2023-04-03 13:53:35 - PHP Warning:  Array to string conversion in /opencartapp/system/library/cart/tax.php on line 99
2023-04-03 13:53:58 - PHP Warning:  Undefined array key 0 in /opencartapp/system/library/cart/tax.php on line 99
2023-04-03 13:53:58 - PHP Warning:  Undefined array key 0 in /opencartapp/system/library/cart/tax.php on line 99
2023-04-03 13:58:17 - PHP Warning:  Array to string conversion in /opencartapp/system/library/cart/tax.php on line 163
2023-04-03 13:58:17 - PHP Warning:  Array to string conversion in /opencartapp/system/library/cart/tax.php on line 99
2023-04-03 13:58:17 - PHP Warning:  Array to string conversion in /opencartapp/system/library/cart/tax.php on line 163
2023-04-03 13:58:17 - PHP Warning:  Array to string conversion in /opencartapp/system/library/cart/tax.php on line 99
2023-04-05 03:18:37 - TypeError:  Opencart\Catalog\Model\Catalog\Information::getLayoutId(): Argument #1 ($information_id) must be of type int, string given in /opencartapp/catalog/model/catalog/information.php on line 16
2023-04-05 03:18:37 - TypeError:  Opencart\Catalog\Model\Catalog\Information::getLayoutId(): Argument #1 ($information_id) must be of type int, string given in /opencartapp/catalog/model/catalog/information.php on line 16
2023-04-05 19:20:10 - PHP Unknown: strtolower(): Passing null to parameter #1 ($string) of type string is deprecated
File: /opencartapp/extension/opencart/admin/controller/dashboard/map.php
Line: 84

2023-04-05 19:27:32 - PHP Warning: Undefined array key "cod.cod"
File: /opencartapp/catalog/controller/api/sale/order.php
Line: 301

2023-04-05 19:27:32 - PHP Warning: Trying to access array offset on value of type null
File: /opencartapp/catalog/controller/api/sale/order.php
Line: 303

2023-04-05 19:27:32 - PHP Warning: Trying to access array offset on value of type null
File: /opencartapp/catalog/controller/api/sale/order.php
Line: 304

2023-04-05 22:54:36 - PHP Unknown: strtolower(): Passing null to parameter #1 ($string) of type string is deprecated
File: /opencartapp/extension/opencart/admin/controller/dashboard/map.php
Line: 84

2023-04-05 23:01:27 - PHP Unknown: strtolower(): Passing null to parameter #1 ($string) of type string is deprecated
File: /opencartapp/extension/opencart/admin/controller/dashboard/map.php
Line: 84

